CRITICAL - 2024-10-15 11:29:47 --> CodeIgniter\View\Exceptions\ViewException: Invalid file: "friend2.php"
[Method: GET, Route: friend2]
in SYSTEMPATH\Exceptions\FrameworkException.php on line 41.
 1 SYSTEMPATH\View\View.php(222): CodeIgniter\Exceptions\FrameworkException::forInvalidFile('friend2.php')
 2 SYSTEMPATH\Common.php(1171): CodeIgniter\View\View->render('friend2', [], true)
 3 APPPATH\Controllers\Index.php(24): view('friend2')
 4 SYSTEMPATH\CodeIgniter.php(933): App\Controllers\Index->friend2()
 5 SYSTEMPATH\CodeIgniter.php(509): CodeIgniter\CodeIgniter->runController(Object(App\Controllers\Index))
 6 SYSTEMPATH\CodeIgniter.php(355): CodeIgniter\CodeIgniter->handleRequest(null, Object(Config\Cache), false)
 7 SYSTEMPATH\Boot.php(325): CodeIgniter\CodeIgniter->run()
 8 SYSTEMPATH\Boot.php(67): CodeIgniter\Boot::runCodeIgniter(Object(CodeIgniter\CodeIgniter))
 9 FCPATH\index.php(56): CodeIgniter\Boot::bootWeb(Object(Config\Paths))
CRITICAL - 2024-10-15 11:29:47 --> CodeIgniter\View\Exceptions\ViewException: Invalid file: "friend1.php"
[Method: GET, Route: friend1]
in SYSTEMPATH\Exceptions\FrameworkException.php on line 41.
 1 SYSTEMPATH\View\View.php(222): CodeIgniter\Exceptions\FrameworkException::forInvalidFile('friend1.php')
 2 SYSTEMPATH\Common.php(1171): CodeIgniter\View\View->render('friend1', [], true)
 3 APPPATH\Controllers\Index.php(17): view('friend1')
 4 SYSTEMPATH\CodeIgniter.php(933): App\Controllers\Index->friend1()
 5 SYSTEMPATH\CodeIgniter.php(509): CodeIgniter\CodeIgniter->runController(Object(App\Controllers\Index))
 6 SYSTEMPATH\CodeIgniter.php(355): CodeIgniter\CodeIgniter->handleRequest(null, Object(Config\Cache), false)
 7 SYSTEMPATH\Boot.php(325): CodeIgniter\CodeIgniter->run()
 8 SYSTEMPATH\Boot.php(67): CodeIgniter\Boot::runCodeIgniter(Object(CodeIgniter\CodeIgniter))
 9 FCPATH\index.php(56): CodeIgniter\Boot::bootWeb(Object(Config\Paths))
